# JRE version: OpenJDK Runtime Environment (8.0_76-b03) (build 1.8.0_76-release-b03)
# Java VM: OpenJDK 64-Bit Server VM (25.76-b03 mixed mode windows-amd64 compressed oops)
Heap:
 PSYoungGen      total 443904K, used 435937K [0x00000000e0000000, 0x0000000100000000, 0x0000000100000000)
  eden space 380928K, 100% used [0x00000000e0000000,0x00000000f7400000,0x00000000f7400000)
  from space 62976K, 87% used [0x00000000fc280000,0x00000000ff838540,0x0000000100000000)
  to   space 71680K, 57% used [0x00000000f7400000,0x00000000f9c3b5c8,0x00000000fba00000)
 ParOldGen       total 287744K, used 279386K [0x00000000a0000000, 0x00000000b1900000, 0x00000000e0000000)
  object space 287744K, 97% used [0x00000000a0000000,0x00000000b10d6b70,0x00000000b1900000)
 Metaspace       used 63130K, capacity 65190K, committed 65576K, reserved 1105920K
  class space    used 7988K, capacity 8362K, committed 8496K, reserved 1048576K
GC Heap History (10 events):
Event: 78.450 GC heap after
Heap after GC invocations=27 (full 5):
 PSYoungGen      total 355328K, used 6016K [0x00000000e0000000, 0x00000000f9400000, 0x0000000100000000)
  eden space 296960K, 0% used [0x00000000e0000000,0x00000000e0000000,0x00000000f2200000)
  from space 58368K, 10% used [0x00000000f5900000,0x00000000f5ee0000,0x00000000f9200000)
  to   space 56320K, 0% used [0x00000000f2200000,0x00000000f2200000,0x00000000f5900000)
 ParOldGen       total 287744K, used 144817K [0x00000000a0000000, 0x00000000b1900000, 0x00000000e0000000)
  object space 287744K, 50% used [0x00000000a0000000,0x00000000a8d6c648,0x00000000b1900000)
 Metaspace       used 59169K, capacity 61142K, committed 61480K, reserved 1103872K
  class space    used 7574K, capacity 7934K, committed 7984K, reserved 1048576K
}
Event: 79.064 GC heap before
{Heap before GC invocations=28 (full 5):
 PSYoungGen      total 355328K, used 302976K [0x00000000e0000000, 0x00000000f9400000, 0x0000000100000000)
  eden space 296960K, 100% used [0x00000000e0000000,0x00000000f2200000,0x00000000f2200000)
  from space 58368K, 10% used [0x00000000f5900000,0x00000000f5ee0000,0x00000000f9200000)
  to   space 56320K, 0% used [0x00000000f2200000,0x00000000f2200000,0x00000000f5900000)
 ParOldGen       total 287744K, used 144817K [0x00000000a0000000, 0x00000000b1900000, 0x00000000e0000000)
  object space 287744K, 50% used [0x00000000a0000000,0x00000000a8d6c648,0x00000000b1900000)
 Metaspace       used 59337K, capacity 61366K, committed 61480K, reserved 1103872K
  class space    used 7593K, capacity 7966K, committed 7984K, reserved 1048576K
Event: 79.077 GC heap after
Heap after GC invocations=28 (full 5):
 PSYoungGen      total 353280K, used 6096K [0x00000000e0000000, 0x00000000fdf80000, 0x0000000100000000)
  eden space 296960K, 0% used [0x00000000e0000000,0x00000000e0000000,0x00000000f2200000)
  from space 56320K, 10% used [0x00000000f2200000,0x00000000f27f4248,0x00000000f5900000)
  to   space 54272K, 0% used [0x00000000faa80000,0x00000000faa80000,0x00000000fdf80000)
 ParOldGen       total 287744K, used 150873K [0x00000000a0000000, 0x00000000b1900000, 0x00000000e0000000)
  object space 287744K, 52% used [0x00000000a0000000,0x00000000a9356648,0x00000000b1900000)
 Metaspace       used 59337K, capacity 61366K, committed 61480K, reserved 1103872K
  class space    used 7593K, capacity 7966K, committed 7984K, reserved 1048576K
}
Event: 82.601 GC heap before
{Heap before GC invocations=29 (full 5):
 PSYoungGen      total 353280K, used 303056K [0x00000000e0000000, 0x00000000fdf80000, 0x0000000100000000)
  eden space 296960K, 100% used [0x00000000e0000000,0x00000000f2200000,0x00000000f2200000)
  from space 56320K, 10% used [0x00000000f2200000,0x00000000f27f4248,0x00000000f5900000)
  to   space 54272K, 0% used [0x00000000faa80000,0x00000000faa80000,0x00000000fdf80000)
 ParOldGen       total 287744K, used 150873K [0x00000000a0000000, 0x00000000b1900000, 0x00000000e0000000)
  object space 287744K, 52% used [0x00000000a0000000,0x00000000a9356648,0x00000000b1900000)
 Metaspace       used 62954K, capacity 64986K, committed 65192K, reserved 1105920K
  class space    used 7982K, capacity 8360K, committed 8368K, reserved 1048576K
Event: 82.627 GC heap after
Heap after GC invocations=29 (full 5):
 PSYoungGen      total 424448K, used 25759K [0x00000000e0000000, 0x00000000fd980000, 0x0000000100000000)
  eden space 376320K, 0% used [0x00000000e0000000,0x00000000e0000000,0x00000000f6f80000)
  from space 48128K, 53% used [0x00000000faa80000,0x00000000fc3a7dc8,0x00000000fd980000)
  to   space 54272K, 0% used [0x00000000f6f80000,0x00000000f6f80000,0x00000000fa480000)
 ParOldGen       total 287744K, used 154721K [0x00000000a0000000, 0x00000000b1900000, 0x00000000e0000000)
  object space 287744K, 53% used [0x00000000a0000000,0x00000000a9718648,0x00000000b1900000)
 Metaspace       used 62954K, capacity 64986K, committed 65192K, reserved 1105920K
  class space    used 7982K, capacity 8360K, committed 8368K, reserved 1048576K
}
Event: 83.463 GC heap before
{Heap before GC invocations=30 (full 5):
 PSYoungGen      total 424448K, used 402079K [0x00000000e0000000, 0x00000000fd980000, 0x0000000100000000)
  eden space 376320K, 100% used [0x00000000e0000000,0x00000000f6f80000,0x00000000f6f80000)
  from space 48128K, 53% used [0x00000000faa80000,0x00000000fc3a7dc8,0x00000000fd980000)
  to   space 54272K, 0% used [0x00000000f6f80000,0x00000000f6f80000,0x00000000fa480000)
 ParOldGen       total 287744K, used 154721K [0x00000000a0000000, 0x00000000b1900000, 0x00000000e0000000)
  object space 287744K, 53% used [0x00000000a0000000,0x00000000a9718648,0x00000000b1900000)
 Metaspace       used 63090K, capacity 65126K, committed 65576K, reserved 1105920K
  class space    used 7987K, capacity 8362K, committed 8496K, reserved 1048576K
Event: 83.535 GC heap after
Heap after GC invocations=30 (full 5):
 PSYoungGen      total 430592K, used 50974K [0x00000000e0000000, 0x0000000100000000, 0x0000000100000000)
  eden space 376320K, 0% used [0x00000000e0000000,0x00000000e0000000,0x00000000f6f80000)
  from space 54272K, 93% used [0x00000000f6f80000,0x00000000fa147878,0x00000000fa480000)
  to   space 62976K, 0% used [0x00000000fc280000,0x00000000fc280000,0x0000000100000000)
 ParOldGen       total 287744K, used 177189K [0x00000000a0000000, 0x00000000b1900000, 0x00000000e0000000)
  object space 287744K, 61% used [0x00000000a0000000,0x00000000aad09560,0x00000000b1900000)
 Metaspace       used 63090K, capacity 65126K, committed 65576K, reserved 1105920K
  class space    used 7987K, capacity 8362K, committed 8496K, reserved 1048576K
}
Event: 84.112 GC heap before
{Heap before GC invocations=31 (full 5):
 PSYoungGen      total 430592K, used 427294K [0x00000000e0000000, 0x0000000100000000, 0x0000000100000000)
  eden space 376320K, 100% used [0x00000000e0000000,0x00000000f6f80000,0x00000000f6f80000)
  from space 54272K, 93% used [0x00000000f6f80000,0x00000000fa147878,0x00000000fa480000)
  to   space 62976K, 0% used [0x00000000fc280000,0x00000000fc280000,0x0000000100000000)
 ParOldGen       total 287744K, used 177189K [0x00000000a0000000, 0x00000000b1900000, 0x00000000e0000000)
  object space 287744K, 61% used [0x00000000a0000000,0x00000000aad09560,0x00000000b1900000)
 Metaspace       used 63122K, capacity 65190K, committed 65576K, reserved 1105920K
  class space    used 7987K, capacity 8362K, committed 8496K, reserved 1048576K
Event: 84.200 GC heap after
Heap after GC invocations=31 (full 5):
 PSYoungGen      total 443904K, used 55009K [0x00000000e0000000, 0x0000000100000000, 0x0000000100000000)
  eden space 380928K, 0% used [0x00000000e0000000,0x00000000e0000000,0x00000000f7400000)
  from space 62976K, 87% used [0x00000000fc280000,0x00000000ff838540,0x0000000100000000)
  to   space 71680K, 0% used [0x00000000f7400000,0x00000000f7400000,0x00000000fba00000)
 ParOldGen       total 287744K, used 226387K [0x00000000a0000000, 0x00000000b1900000, 0x00000000e0000000)
  object space 287744K, 78% used [0x00000000a0000000,0x00000000add14f08,0x00000000b1900000)
 Metaspace       used 63122K, capacity 65190K, committed 65576K, reserved 1105920K
  class space    used 7987K, capacity 8362K, committed 8496K, reserved 1048576K
}
Event: 84.695 GC heap before
{Heap before GC invocations=32 (full 5):
 PSYoungGen      total 443904K, used 435937K [0x00000000e0000000, 0x0000000100000000, 0x0000000100000000)
  eden space 380928K, 100% used [0x00000000e0000000,0x00000000f7400000,0x00000000f7400000)
  from space 62976K, 87% used [0x00000000fc280000,0x00000000ff838540,0x0000000100000000)
  to   space 71680K, 0% used [0x00000000f7400000,0x00000000f7400000,0x00000000fba00000)
 ParOldGen       total 287744K, used 226387K [0x00000000a0000000, 0x00000000b1900000, 0x00000000e0000000)
  object space 287744K, 78% used [0x00000000a0000000,0x00000000add14f08,0x00000000b1900000)
 Metaspace       used 63130K, capacity 65190K, committed 65576K, reserved 1105920K
  class space    used 7988K, capacity 8362K, committed 8496K, reserved 1048576K

