# JRE version: OpenJDK Runtime Environment (8.0_76-b03) (build 1.8.0_76-release-b03)
# Java VM: OpenJDK 64-Bit Server VM (25.76-b03 mixed mode windows-amd64 compressed oops)
Heap:
 PSYoungGen      total 349696K, used 136355K [0x00000000e0000000, 0x0000000100000000, 0x0000000100000000)
  eden space 175104K, 0% used [0x00000000e0000000,0x00000000e0000000,0x00000000eab00000)
  from space 174592K, 78% used [0x00000000f5580000,0x00000000fdaa8d58,0x0000000100000000)
  to   space 174592K, 0% used [0x00000000eab00000,0x00000000eab00000,0x00000000f5580000)
 ParOldGen       total 489472K, used 454522K [0x00000000a0000000, 0x00000000bde00000, 0x00000000e0000000)
  object space 489472K, 92% used [0x00000000a0000000,0x00000000bbbde8d0,0x00000000bde00000)
 Metaspace       used 94409K, capacity 98948K, committed 99376K, reserved 1136640K
  class space    used 11108K, capacity 11944K, committed 12080K, reserved 1048576K
GC Heap History (10 events):
Event: 3504.209 GC heap after
Heap after GC invocations=234 (full 16):
 PSYoungGen      total 344064K, used 168956K [0x00000000e0000000, 0x0000000100000000, 0x0000000100000000)
  eden space 175104K, 0% used [0x00000000e0000000,0x00000000e0000000,0x00000000eab00000)
  from space 168960K, 99% used [0x00000000f5b00000,0x00000000fffff148,0x0000000100000000)
  to   space 174592K, 0% used [0x00000000eab00000,0x00000000eab00000,0x00000000f5580000)
 ParOldGen       total 489472K, used 325793K [0x00000000a0000000, 0x00000000bde00000, 0x00000000e0000000)
  object space 489472K, 66% used [0x00000000a0000000,0x00000000b3e284f8,0x00000000bde00000)
 Metaspace       used 94409K, capacity 98948K, committed 99376K, reserved 1136640K
  class space    used 11108K, capacity 11944K, committed 12080K, reserved 1048576K
}
Event: 3504.282 GC heap before
{Heap before GC invocations=235 (full 16):
 PSYoungGen      total 344064K, used 344060K [0x00000000e0000000, 0x0000000100000000, 0x0000000100000000)
  eden space 175104K, 100% used [0x00000000e0000000,0x00000000eab00000,0x00000000eab00000)
  from space 168960K, 99% used [0x00000000f5b00000,0x00000000fffff148,0x0000000100000000)
  to   space 174592K, 0% used [0x00000000eab00000,0x00000000eab00000,0x00000000f5580000)
 ParOldGen       total 489472K, used 325793K [0x00000000a0000000, 0x00000000bde00000, 0x00000000e0000000)
  object space 489472K, 66% used [0x00000000a0000000,0x00000000b3e284f8,0x00000000bde00000)
 Metaspace       used 94409K, capacity 98948K, committed 99376K, reserved 1136640K
  class space    used 11108K, capacity 11944K, committed 12080K, reserved 1048576K
Event: 3504.382 GC heap after
Heap after GC invocations=235 (full 16):
 PSYoungGen      total 349696K, used 174563K [0x00000000e0000000, 0x0000000100000000, 0x0000000100000000)
  eden space 175104K, 0% used [0x00000000e0000000,0x00000000e0000000,0x00000000eab00000)
  from space 174592K, 99% used [0x00000000eab00000,0x00000000f5578f78,0x00000000f5580000)
  to   space 174592K, 0% used [0x00000000f5580000,0x00000000f5580000,0x0000000100000000)
 ParOldGen       total 489472K, used 345035K [0x00000000a0000000, 0x00000000bde00000, 0x00000000e0000000)
  object space 489472K, 70% used [0x00000000a0000000,0x00000000b50f2c10,0x00000000bde00000)
 Metaspace       used 94409K, capacity 98948K, committed 99376K, reserved 1136640K
  class space    used 11108K, capacity 11944K, committed 12080K, reserved 1048576K
}
Event: 3504.457 GC heap before
{Heap before GC invocations=236 (full 16):
 PSYoungGen      total 349696K, used 349667K [0x00000000e0000000, 0x0000000100000000, 0x0000000100000000)
  eden space 175104K, 100% used [0x00000000e0000000,0x00000000eab00000,0x00000000eab00000)
  from space 174592K, 99% used [0x00000000eab00000,0x00000000f5578f78,0x00000000f5580000)
  to   space 174592K, 0% used [0x00000000f5580000,0x00000000f5580000,0x0000000100000000)
 ParOldGen       total 489472K, used 345035K [0x00000000a0000000, 0x00000000bde00000, 0x00000000e0000000)
  object space 489472K, 70% used [0x00000000a0000000,0x00000000b50f2c10,0x00000000bde00000)
 Metaspace       used 94409K, capacity 98948K, committed 99376K, reserved 1136640K
  class space    used 11108K, capacity 11944K, committed 12080K, reserved 1048576K
Event: 3504.563 GC heap after
Heap after GC invocations=236 (full 16):
 PSYoungGen      total 349696K, used 174580K [0x00000000e0000000, 0x0000000100000000, 0x0000000100000000)
  eden space 175104K, 0% used [0x00000000e0000000,0x00000000e0000000,0x00000000eab00000)
  from space 174592K, 99% used [0x00000000f5580000,0x00000000ffffd098,0x0000000100000000)
  to   space 174592K, 0% used [0x00000000eab00000,0x00000000eab00000,0x00000000f5580000)
 ParOldGen       total 489472K, used 369945K [0x00000000a0000000, 0x00000000bde00000, 0x00000000e0000000)
  object space 489472K, 75% used [0x00000000a0000000,0x00000000b6946418,0x00000000bde00000)
 Metaspace       used 94409K, capacity 98948K, committed 99376K, reserved 1136640K
  class space    used 11108K, capacity 11944K, committed 12080K, reserved 1048576K
}
Event: 3504.635 GC heap before
{Heap before GC invocations=237 (full 16):
 PSYoungGen      total 349696K, used 349684K [0x00000000e0000000, 0x0000000100000000, 0x0000000100000000)
  eden space 175104K, 100% used [0x00000000e0000000,0x00000000eab00000,0x00000000eab00000)
  from space 174592K, 99% used [0x00000000f5580000,0x00000000ffffd098,0x0000000100000000)
  to   space 174592K, 0% used [0x00000000eab00000,0x00000000eab00000,0x00000000f5580000)
 ParOldGen       total 489472K, used 369945K [0x00000000a0000000, 0x00000000bde00000, 0x00000000e0000000)
  object space 489472K, 75% used [0x00000000a0000000,0x00000000b6946418,0x00000000bde00000)
 Metaspace       used 94409K, capacity 98948K, committed 99376K, reserved 1136640K
  class space    used 11108K, capacity 11944K, committed 12080K, reserved 1048576K
Event: 3504.742 GC heap after
Heap after GC invocations=237 (full 16):
 PSYoungGen      total 349696K, used 152562K [0x00000000e0000000, 0x0000000100000000, 0x0000000100000000)
  eden space 175104K, 0% used [0x00000000e0000000,0x00000000e0000000,0x00000000eab00000)
  from space 174592K, 87% used [0x00000000eab00000,0x00000000f3ffc8c0,0x00000000f5580000)
  to   space 174592K, 0% used [0x00000000f5580000,0x00000000f5580000,0x0000000100000000)
 ParOldGen       total 489472K, used 413497K [0x00000000a0000000, 0x00000000bde00000, 0x00000000e0000000)
  object space 489472K, 84% used [0x00000000a0000000,0x00000000b93ce420,0x00000000bde00000)
 Metaspace       used 94409K, capacity 98948K, committed 99376K, reserved 1136640K
  class space    used 11108K, capacity 11944K, committed 12080K, reserved 1048576K
}
Event: 3504.827 GC heap before
{Heap before GC invocations=238 (full 16):
 PSYoungGen      total 349696K, used 327666K [0x00000000e0000000, 0x0000000100000000, 0x0000000100000000)
  eden space 175104K, 100% used [0x00000000e0000000,0x00000000eab00000,0x00000000eab00000)
  from space 174592K, 87% used [0x00000000eab00000,0x00000000f3ffc8c0,0x00000000f5580000)
  to   space 174592K, 0% used [0x00000000f5580000,0x00000000f5580000,0x0000000100000000)
 ParOldGen       total 489472K, used 413497K [0x00000000a0000000, 0x00000000bde00000, 0x00000000e0000000)
  object space 489472K, 84% used [0x00000000a0000000,0x00000000b93ce420,0x00000000bde00000)
 Metaspace       used 94409K, capacity 98948K, committed 99376K, reserved 1136640K
  class space    used 11108K, capacity 11944K, committed 12080K, reserved 1048576K
Event: 3504.926 GC heap after
Heap after GC invocations=238 (full 16):
 PSYoungGen      total 349696K, used 136355K [0x00000000e0000000, 0x0000000100000000, 0x0000000100000000)
  eden space 175104K, 0% used [0x00000000e0000000,0x00000000e0000000,0x00000000eab00000)
  from space 174592K, 78% used [0x00000000f5580000,0x00000000fdaa8d58,0x0000000100000000)
  to   space 174592K, 0% used [0x00000000eab00000,0x00000000eab00000,0x00000000f5580000)
 ParOldGen       total 489472K, used 454522K [0x00000000a0000000, 0x00000000bde00000, 0x00000000e0000000)
  object space 489472K, 92% used [0x00000000a0000000,0x00000000bbbde8d0,0x00000000bde00000)
 Metaspace       used 94409K, capacity 98948K, committed 99376K, reserved 1136640K
  class space    used 11108K, capacity 11944K, committed 12080K, reserved 1048576K
}
Event: 3504.926 GC heap before
{Heap before GC invocations=239 (full 17):
 PSYoungGen      total 349696K, used 136355K [0x00000000e0000000, 0x0000000100000000, 0x0000000100000000)
  eden space 175104K, 0% used [0x00000000e0000000,0x00000000e0000000,0x00000000eab00000)
  from space 174592K, 78% used [0x00000000f5580000,0x00000000fdaa8d58,0x0000000100000000)
  to   space 174592K, 0% used [0x00000000eab00000,0x00000000eab00000,0x00000000f5580000)
 ParOldGen       total 489472K, used 454522K [0x00000000a0000000, 0x00000000bde00000, 0x00000000e0000000)
  object space 489472K, 92% used [0x00000000a0000000,0x00000000bbbde8d0,0x00000000bde00000)
 Metaspace       used 94409K, capacity 98948K, committed 99376K, reserved 1136640K
  class space    used 11108K, capacity 11944K, committed 12080K, reserved 1048576K

